2024-05-14 19:05:44 INFO Starting Chaos Game application
2024-05-14 19:15:00 INFO Starting Chaos Game application
2024-05-14 19:15:54 INFO Lower Left written to file
2024-05-14 19:15:54 INFO Upper Right written to file
2024-05-14 19:15:54 INFO Transform written to file
2024-05-14 19:15:54 INFO Transform written to file
2024-05-14 19:15:54 INFO Lower Left written to file
2024-05-14 19:15:54 INFO Upper Right written to file
2024-05-14 19:15:54 INFO Transform written to file
2024-05-14 19:15:54 INFO Transform written to file
2024-05-14 19:15:54 INFO Transform written to file
2024-05-14 19:15:54 INFO Transform written to file
2024-05-14 22:09:41 INFO Starting Chaos Game application
2024-05-14 22:09:56 INFO Showing custom games scene
2024-05-14 22:09:59 INFO Running custom game: Dragon.csv
2024-05-14 22:10:16 INFO Showing custom games scene
2024-05-14 22:10:17 INFO Running custom game: Tree_Fractal.csv
2024-05-14 22:10:32 INFO Showing custom games scene
2024-05-14 22:10:32 INFO Running custom game: Wiki_Julia.csv
2024-05-14 22:26:27 INFO Starting Chaos Game application
